<?xml version="1.0" encoding="UTF-8"?>
<!-- Generated by org.testng.reporters.JUnitReportReporter -->
<testsuite hostname="LAPTOP-M2QN05D0" failures="0" tests="1" name="testpkg.Fblogintest" time="9.707" errors="0" timestamp="2024-03-09T09:03:57 IST" skipped="0">
  <testcase classname="testpkg.Fblogintest" name="verifyLoginWithValidCred" time="9.707"/>
</testsuite> <!-- testpkg.Fblogintest -->
